Determining if the pthread_create exist failed with the following output:
Change Dir: /home/jetbot/jetbot/CMakeFiles/CMakeTmp

Run Build Command:"/usr/bin/make" "cmTC_521dd/fast"
/usr/bin/make -f CMakeFiles/cmTC_521dd.dir/build.make CMakeFiles/cmTC_521dd.dir/build
make[1]: Entering directory '/home/jetbot/jetbot/CMakeFiles/CMakeTmp'
Building C object CMakeFiles/cmTC_521dd.dir/CheckSymbolExists.c.o
/usr/bin/cc   -fPIC    -o CMakeFiles/cmTC_521dd.dir/CheckSymbolExists.c.o   -c /home/jetbot/jetbot/CMakeFiles/CMakeTmp/CheckSymbolExists.c
Linking C executable cmTC_521dd
/usr/bin/cmake -E cmake_link_script CMakeFiles/cmTC_521dd.dir/link.txt --verbose=1
/usr/bin/cc -fPIC     -rdynamic CMakeFiles/cmTC_521dd.dir/CheckSymbolExists.c.o  -o cmTC_521dd 
CMakeFiles/cmTC_521dd.dir/CheckSymbolExists.c.o: In function `main':
CheckSymbolExists.c:(.text+0x14): undefined reference to `pthread_create'
CheckSymbolExists.c:(.text+0x18): undefined reference to `pthread_create'
collect2: error: ld returned 1 exit status
CMakeFiles/cmTC_521dd.dir/build.make:97: recipe for target 'cmTC_521dd' failed
make[1]: *** [cmTC_521dd] Error 1
make[1]: Leaving directory '/home/jetbot/jetbot/CMakeFiles/CMakeTmp'
Makefile:126: recipe for target 'cmTC_521dd/fast' failed
make: *** [cmTC_521dd/fast] Error 2

File /home/jetbot/jetbot/CMakeFiles/CMakeTmp/CheckSymbolExists.c:
/* */
#include <pthread.h>

int main(int argc, char** argv)
{
  (void)argv;
#ifndef pthread_create
  return ((int*)(&pthread_create))[argc];
#else
  (void)argc;
  return 0;
#endif
}

Determining if the function pthread_create exists in the pthreads failed with the following output:
Change Dir: /home/jetbot/jetbot/CMakeFiles/CMakeTmp

Run Build Command:"/usr/bin/make" "cmTC_bf871/fast"
/usr/bin/make -f CMakeFiles/cmTC_bf871.dir/build.make CMakeFiles/cmTC_bf871.dir/build
make[1]: Entering directory '/home/jetbot/jetbot/CMakeFiles/CMakeTmp'
Building C object CMakeFiles/cmTC_bf871.dir/CheckFunctionExists.c.o
/usr/bin/cc   -fPIC -DCHECK_FUNCTION_EXISTS=pthread_create   -o CMakeFiles/cmTC_bf871.dir/CheckFunctionExists.c.o   -c /usr/share/cmake-3.10/Modules/CheckFunctionExists.c
Linking C executable cmTC_bf871
/usr/bin/cmake -E cmake_link_script CMakeFiles/cmTC_bf871.dir/link.txt --verbose=1
/usr/bin/cc -fPIC -DCHECK_FUNCTION_EXISTS=pthread_create    -rdynamic CMakeFiles/cmTC_bf871.dir/CheckFunctionExists.c.o  -o cmTC_bf871 -lpthreads 
/usr/bin/ld: cannot find -lpthreads
collect2: error: ld returned 1 exit status
CMakeFiles/cmTC_bf871.dir/build.make:97: recipe for target 'cmTC_bf871' failed
make[1]: *** [cmTC_bf871] Error 1
make[1]: Leaving directory '/home/jetbot/jetbot/CMakeFiles/CMakeTmp'
Makefile:126: recipe for target 'cmTC_bf871/fast' failed
make: *** [cmTC_bf871/fast] Error 2


